stdio.h(4): Warning! W138: No newline at end of file
stdint.h(10): Warning! W138: No newline at end of file
x86.h(4): Warning! W138: No newline at end of file
stdio.c(11): Error! E1063: Missing operand
stdio.c(11): Error! E1009: Expecting ')' but found 'const'
stdio.c(11): Error! E1077: Missing '}'
stdio.c(11): Error! E1077: Missing '}'
stdio.c(9): Warning! W303: Parameter 'str' has been defined, but not referenced
stdio.c(11): Error! E1009: Expecting ';' but found ')'
stdio.c(11): Error! E1061: Expecting data or function declaration, but found ')'
stdio.c(12): Error! E1026: Invalid declarator
stdio.c(12): Error! E1009: Expecting ';' but found '{'
stdio.c(12): Error! E1061: Expecting data or function declaration, but found '{'
stdio.c(13): Error! E1009: Expecting ')' but found '*'
stdio.c(13): Warning! W304: Return type 'int' assumed for function 'putc'
stdio.c(13): Error! E1062: Inconsistent return type for function 'putc'
stdio.c(13): Note! I2003: source conversion type is 'int'
stdio.c(13): Note! I2004: target conversion type is 'void'
stdio.c(13): Note! I2002: 'putc' defined in: stdio.c(4)
stdio.c(13): Warning! W132: No storage class or type specified
stdio.c(13): Warning! W305: Type 'int' assumed in declaration of 'str'
stdio.c(13): Error! E1129: Type does not agree with previous definition of 'str'
stdio.c(13): Note! I2002: 'str' defined in: stdio.c(11)
stdio.c(13): Error! E1009: Expecting ';' but found ')'
stdio.c(13): Error! E1061: Expecting data or function declaration, but found ')'
stdio.c(13): Error! E1026: Invalid declarator
stdio.c(14): Warning! W132: No storage class or type specified
stdio.c(14): Warning! W305: Type 'int' assumed in declaration of 'str'
stdio.c(14): Error! E1129: Type does not agree with previous definition of 'str'
stdio.c(14): Note! I2002: 'str' defined in: stdio.c(11)
stdio.c(14): Error! E1009: Expecting ';' but found '++'
stdio.c(14): Error! E1061: Expecting data or function declaration, but found '++'
stdio.c(14): Error! E1026: Invalid declarator
stdio.c(15): Error! E1061: Expecting data or function declaration, but found '}'
stdio.c(16): Warning! W138: No newline at end of file
stdio.c(16): Error! E1147: Too many errors: compilation aborted
